This is XeTeX, Version 3.14159265-2.6-0.99992 (TeX Live 2015/Debian) (preloaded format=xelatex 2018.10.17)  14 DEC 2018 13:35
entering extended mode
 restricted \write18 enabled.
 %&-line parsing enabled.
**\nonstopmode\def\AMCNombreCopies{2}\def\CorrigeIndivExterne{1}\def\NoHyperRef
{1}\def\NoWatermarkExterne{1} \input{"DOC-filtered.tex"}
(./DOC-filtered.tex (/usr/share/texlive/texmf-dist/tex/latex/base/article.cls
Document Class: article 2014/09/29 v1.4h Standard LaTeX document class
(/usr/share/texlive/texmf-dist/tex/latex/base/size10.clo
File: size10.clo 2014/09/29 v1.4h Standard LaTeX file (size option)
)
\c@part=\count79
\c@section=\count80
\c@subsection=\count81
\c@subsubsection=\count82
\c@paragraph=\count83
\c@subparagraph=\count84
\c@figure=\count85
\c@table=\count86
\abovecaptionskip=\skip41
\belowcaptionskip=\skip42
\bibindent=\dimen102
)
(/usr/share/texlive/texmf-dist/tex/latex/xltxtra/xltxtra.sty
Package: xltxtra 2016/01/21 v0.6 Improvements for the "XeLaTeX" format

(/usr/share/texlive/texmf-dist/tex/generic/oberdiek/ifluatex.sty
Package: ifluatex 2010/03/01 v1.3 Provides the ifluatex switch (HO)
Package ifluatex Info: LuaTeX not detected.
)
(/usr/share/texlive/texmf-dist/tex/generic/ifxetex/ifxetex.sty
Package: ifxetex 2010/09/12 v0.6 Provides ifxetex conditional
)
(/usr/share/texlive/texmf-dist/tex/latex/fontspec/fontspec.sty
(/usr/share/texlive/texmf-dist/tex/latex/l3kernel/expl3.sty
Package: expl3 2016/01/19 v6377 L3 programming layer (loader) 

(/usr/share/texlive/texmf-dist/tex/latex/l3kernel/expl3-code.tex
Package: expl3 2016/01/19 v6377 L3 programming layer (code)
L3 Module: l3bootstrap 2016/01/01 v6339 L3 Bootstrap code
L3 Module: l3names 2015/12/21 v6328 L3 Namespace for primitives
L3 Module: l3basics 2015/11/22 v6315 L3 Basic definitions
L3 Module: l3expan 2015/09/10 v5983 L3 Argument expansion
L3 Module: l3tl 2015/09/29 v6121 L3 Token lists
L3 Module: l3str 2016/01/03 v6357 L3 Strings
L3 Module: l3seq 2015/08/05 v5777 L3 Sequences and stacks
L3 Module: l3int 2016/01/05 v6366 L3 Integers
\c_max_int=\count87
\l_tmpa_int=\count88
\l_tmpb_int=\count89
\g_tmpa_int=\count90
\g_tmpb_int=\count91
L3 Module: l3quark 2015/08/17 v5855 L3 Quarks
L3 Module: l3prg 2015/11/01 v6216 L3 Control structures
\g__prg_map_int=\count92
L3 Module: l3clist 2015/09/02 v5901 L3 Comma separated lists
L3 Module: l3token 2015/11/11 v6249 L3 Experimental token manipulation
L3 Module: l3prop 2016/01/05 v6366 L3 Property lists
L3 Module: l3msg 2015/09/28 v6113 L3 Messages
L3 Module: l3file 2015/12/03 v6317 L3 File and I/O operations
\l_iow_line_count_int=\count93
\l__iow_target_count_int=\count94
\l__iow_current_line_int=\count95
\l__iow_current_word_int=\count96
\l__iow_current_indentation_int=\count97
L3 Module: l3skip 2016/01/05 v6366 L3 Dimensions and skips
\c_zero_dim=\dimen103
\c_max_dim=\dimen104
\l_tmpa_dim=\dimen105
\l_tmpb_dim=\dimen106
\g_tmpa_dim=\dimen107
\g_tmpb_dim=\dimen108
\c_zero_skip=\skip43
\c_max_skip=\skip44
\l_tmpa_skip=\skip45
\l_tmpb_skip=\skip46
\g_tmpa_skip=\skip47
\g_tmpb_skip=\skip48
\c_zero_muskip=\muskip10
\c_max_muskip=\muskip11
\l_tmpa_muskip=\muskip12
\l_tmpb_muskip=\muskip13
\g_tmpa_muskip=\muskip14
\g_tmpb_muskip=\muskip15
L3 Module: l3keys 2015/11/17 v6284 L3 Key-value interfaces
\g__keyval_level_int=\count98
\l_keys_choice_int=\count99
L3 Module: l3fp 2015/08/25 v5890 L3 Floating points
\c__fp_leading_shift_int=\count100
\c__fp_middle_shift_int=\count101
\c__fp_trailing_shift_int=\count102
\c__fp_big_leading_shift_int=\count103
\c__fp_big_middle_shift_int=\count104
\c__fp_big_trailing_shift_int=\count105
\c__fp_Bigg_leading_shift_int=\count106
\c__fp_Bigg_middle_shift_int=\count107
\c__fp_Bigg_trailing_shift_int=\count108
L3 Module: l3box 2015/08/09 v5822 L3 Experimental boxes
\c_empty_box=\box26
\l_tmpa_box=\box27
\l_tmpb_box=\box28
\g_tmpa_box=\box29
\g_tmpb_box=\box30
L3 Module: l3coffins 2015/08/06 v5789 L3 Coffin code layer
\l__coffin_internal_box=\box31
\l__coffin_internal_dim=\dimen109
\l__coffin_offset_x_dim=\dimen110
\l__coffin_offset_y_dim=\dimen111
\l__coffin_x_dim=\dimen112
\l__coffin_y_dim=\dimen113
\l__coffin_x_prime_dim=\dimen114
\l__coffin_y_prime_dim=\dimen115
\c_empty_coffin=\box32
\l__coffin_aligned_coffin=\box33
\l__coffin_aligned_internal_coffin=\box34
\l_tmpa_coffin=\box35
\l_tmpb_coffin=\box36
\l__coffin_display_coffin=\box37
\l__coffin_display_coord_coffin=\box38
\l__coffin_display_pole_coffin=\box39
\l__coffin_display_offset_dim=\dimen116
\l__coffin_display_x_dim=\dimen117
\l__coffin_display_y_dim=\dimen118
L3 Module: l3color 2014/08/23 v5354 L3 Experimental color support
L3 Module: l3sys 2015/09/25 v6087 L3 Experimental system/runtime functions
L3 Module: l3candidates 2016/01/14 v6376 L3 Experimental additions to l3kernel
\l__box_top_dim=\dimen119
\l__box_bottom_dim=\dimen120
\l__box_left_dim=\dimen121
\l__box_right_dim=\dimen122
\l__box_top_new_dim=\dimen123
\l__box_bottom_new_dim=\dimen124
\l__box_left_new_dim=\dimen125
\l__box_right_new_dim=\dimen126
\l__box_internal_box=\box40
\l__coffin_bounding_shift_dim=\dimen127
\l__coffin_left_corner_dim=\dimen128
\l__coffin_right_corner_dim=\dimen129
\l__coffin_bottom_corner_dim=\dimen130
\l__coffin_top_corner_dim=\dimen131
\l__coffin_scaled_total_height_dim=\dimen132
\l__coffin_scaled_width_dim=\dimen133
L3 Module: l3luatex 2015/11/11 v6250 L3 Experimental LuaTeX-specific functions
)
(/usr/share/texlive/texmf-dist/tex/latex/l3kernel/l3xdvipdfmx.def
File: l3xdvidpfmx.def 2015/11/11 v6250 L3 Experimental driver: xdvipdfmx
))
(/usr/share/texlive/texmf-dist/tex/latex/l3packages/xparse/xparse.sty
Package: xparse 2016/01/19 v6377 L3 Experimental document command parser
\l__xparse_current_arg_int=\count109
\l__xparse_m_args_int=\count110
\l__xparse_mandatory_args_int=\count111
\l__xparse_processor_int=\count112
\l__xparse_v_nesting_int=\count113
)
Package: fontspec 2016/02/01 v2.5a Font selection for XeLaTeX and LuaLaTeX

(/usr/share/texlive/texmf-dist/tex/latex/fontspec/fontspec-xetex.sty
Package: fontspec-xetex 2016/02/01 v2.5a Font selection for XeLaTeX and LuaLaTe
X
\l_fontspec_script_int=\count114
\l_fontspec_language_int=\count115
\l_fontspec_strnum_int=\count116
\l__fontspec_tmpa_dim=\dimen134
\l__fontspec_tmpb_dim=\dimen135
\l__fontspec_tmpc_dim=\dimen136
\g__file_internal_ior=\read1

(/usr/share/texlive/texmf-dist/tex/latex/base/fontenc.sty
Package: fontenc 2005/09/27 v1.99g Standard LaTeX package

(/usr/share/texlive/texmf-dist/tex/latex/euenc/eu1enc.def
File: eu1enc.def 2010/05/27 v0.1h Experimental Unicode font encodings
)
LaTeX Font Info:    Try loading font information for EU1+lmr on input line 105.


(/usr/share/texlive/texmf-dist/tex/latex/euenc/eu1lmr.fd
File: eu1lmr.fd 2009/10/30 v1.6 Font defs for Latin Modern
))
(/usr/share/texlive/texmf-dist/tex/xelatex/xunicode/xunicode.sty
File: xunicode.sty 2011/09/09 v0.981 provides access to latin accents and many 
other characters in Unicode lower plane

(/usr/share/texmf/tex/latex/tipa/t3enc.def
File: t3enc.def 2001/12/31 T3 encoding
LaTeX Font Info:    Try loading font information for EU1+lmss on input line 357
.

(/usr/share/texlive/texmf-dist/tex/latex/euenc/eu1lmss.fd
File: eu1lmss.fd 2009/10/30 v1.6 Font defs for Latin Modern
))
\tipaTiiicode=\count117
\tipasavetokens=\toks14
\tipachecktokens=\toks15

(/usr/share/texlive/texmf-dist/tex/latex/graphics/graphicx.sty
Package: graphicx 2014/10/28 v1.0g Enhanced LaTeX Graphics (DPC,SPQR)

(/usr/share/texlive/texmf-dist/tex/latex/graphics/keyval.sty
Package: keyval 2014/10/28 v1.15 key=value parser (DPC)
\KV@toks@=\toks16
)
(/usr/share/texlive/texmf-dist/tex/latex/graphics/graphics.sty
Package: graphics 2016/01/03 v1.0q Standard LaTeX Graphics (DPC,SPQR)

(/usr/share/texlive/texmf-dist/tex/latex/graphics/trig.sty
Package: trig 2016/01/03 v1.10 sin cos tan (DPC)
)
(/usr/share/texlive/texmf-dist/tex/latex/latexconfig/graphics.cfg
File: graphics.cfg 2010/04/23 v1.9 graphics configuration of TeX Live
)
Package graphics Info: Driver file: xetex.def on input line 95.

(/usr/share/texlive/texmf-dist/tex/xelatex/xetex-def/xetex.def
File: xetex.def 2015/09/11 v4.06 LaTeX color/graphics driver for XeTeX (TeX Liv
e/RRM/JK)

(/usr/share/texlive/texmf-dist/tex/generic/oberdiek/infwarerr.sty
Package: infwarerr 2010/04/08 v1.3 Providing info/warning/error messages (HO)
)
(/usr/share/texlive/texmf-dist/tex/generic/oberdiek/ltxcmds.sty
Package: ltxcmds 2011/11/09 v1.22 LaTeX kernel commands for general use (HO)
)))
\Gin@req@height=\dimen137
\Gin@req@width=\dimen138
))
.................................................
. LaTeX info: "xparse/define-command"
. 
. Defining command \__fontspec_post_arg:w with sig. 'mmO{}' on line 353.
.................................................
.................................................
. LaTeX info: "xparse/define-command"
. 
. Defining command \fontspec with sig. 'om' on line 355.
.................................................
.................................................
. LaTeX info: "xparse/define-command"
. 
. Defining command \setmainfont with sig. 'om' on line 365.
.................................................
.................................................
. LaTeX info: "xparse/define-command"
. 
. Defining command \setsansfont with sig. 'om' on line 375.
.................................................
.................................................
. LaTeX info: "xparse/define-command"
. 
. Defining command \setmonofont with sig. 'om' on line 385.
.................................................
.................................................
. LaTeX info: "xparse/define-command"
. 
. Defining command \setmathrm with sig. 'om' on line 399.
.................................................
.................................................
. LaTeX info: "xparse/define-command"
. 
. Defining command \setboldmathrm with sig. 'om' on line 407.
.................................................
.................................................
. LaTeX info: "xparse/define-command"
. 
. Defining command \setmathsf with sig. 'om' on line 415.
.................................................
.................................................
. LaTeX info: "xparse/define-command"
. 
. Defining command \setmathtt with sig. 'om' on line 423.
.................................................
.................................................
. LaTeX info: "xparse/define-command"
. 
. Defining command \newfontfamily with sig. 'mom' on line 437.
.................................................
.................................................
. LaTeX info: "xparse/define-command"
. 
. Defining command \newfontface with sig. 'mom' on line 453.
.................................................
.................................................
. LaTeX info: "xparse/define-command"
. 
. Defining command \defaultfontfeatures with sig. 't+om' on line 467.
.................................................
.................................................
. LaTeX info: "xparse/define-command"
. 
. Defining command \addfontfeatures with sig. 'm' on line 529.
.................................................
.................................................
. LaTeX info: "xparse/define-command"
. 
. Defining command \newfontfeature with sig. 'mm' on line 540.
.................................................
.................................................
. LaTeX info: "xparse/define-command"
. 
. Defining command \newAATfeature with sig. 'mmmm' on line 548.
.................................................
.................................................
. LaTeX info: "xparse/define-command"
. 
. Defining command \newopentypefeature with sig. 'mmm' on line 556.
.................................................
.................................................
. LaTeX info: "xparse/define-command"
. 
. Defining command \aliasfontfeature with sig. 'mm' on line 577.
.................................................
.................................................
. LaTeX info: "xparse/define-command"
. 
. Defining command \aliasfontfeatureoption with sig. 'mmm' on line 586.
.................................................
.................................................
. LaTeX info: "xparse/define-command"
. 
. Defining command \newfontscript with sig. 'mm' on line 590.
.................................................
.................................................
. LaTeX info: "xparse/define-command"
. 
. Defining command \newfontlanguage with sig. 'mm' on line 594.
.................................................
.................................................
. LaTeX info: "xparse/define-command"
. 
. Defining command \DeclareFontsExtensions with sig. 'm' on line 599.
.................................................
\l__fontspec_tmp_int=\count118

(/usr/share/texlive/texmf-dist/tex/latex/fontspec/fontspec.cfg)
LaTeX Info: Redefining \itshape on input line 2705.
LaTeX Info: Redefining \slshape on input line 2710.
LaTeX Info: Redefining \scshape on input line 2715.
LaTeX Info: Redefining \upshape on input line 2720.
\l__fontspec_em_int=\count119
\l__fontspec_emdef_int=\count120
LaTeX Info: Redefining \em on input line 2736.
LaTeX Info: Redefining \emph on input line 2742.
LaTeX Info: Redefining \- on input line 2746.
.................................................
. LaTeX info: "xparse/redefine-command"
. 
. Redefining command \oldstylenums with sig. 'm' on line 2841.
.................................................
.................................................
. LaTeX info: "xparse/define-command"
. 
. Defining command \liningnums with sig. 'm' on line 2845.
.................................................
))
(/usr/share/texlive/texmf-dist/tex/latex/realscripts/realscripts.sty
Package: realscripts 2016/02/13 v0.3d Access OpenType subscripts and superscrip
ts
.................................................
. LaTeX info: "xparse/define-command"
. 
. Defining command \fakesubscript with sig. 'm' on line 19.
.................................................
.................................................
. LaTeX info: "xparse/define-command"
. 
. Defining command \fakesuperscript with sig. 'm' on line 22.
.................................................
.................................................
. LaTeX info: "xparse/redefine-command"
. 
. Redefining command \textsubscript with sig. 's' on line 25.
.................................................
.................................................
. LaTeX info: "xparse/redefine-command"
. 
. Redefining command \textsuperscript with sig. 's' on line 28.
.................................................
.................................................
. LaTeX info: "xparse/define-command"
. 
. Defining command \realsubscript with sig. 'm' on line 45.
.................................................
.................................................
. LaTeX info: "xparse/define-command"
. 
. Defining command \realsuperscript with sig. 'm' on line 60.
.................................................
.................................................
. LaTeX info: "xparse/define-command"
. 
. Defining command \textsubsuperscript with sig. 'sO{l}mm' on line 138.
.................................................
.................................................
. LaTeX info: "xparse/define-command"
. 
. Defining command \textsupersubscript with sig. 'sO{l}mm' on line 143.
.................................................
\subsupersep=\dimen139
)
(/usr/share/texlive/texmf-dist/tex/latex/metalogo/metalogo.sty
Package: metalogo 2010/05/29 v0.12 Extended TeX logo macros
\xl@everylogo=\toks17
\xl@@everylogo=\toks18
LaTeX Info: Redefining \TeX on input line 193.
LaTeX Info: Redefining \LaTeX on input line 202.
LaTeX Info: Redefining \LaTeXe on input line 219.
)
\l__xetex_show_hyphens_wrapping_box=\box41
\l__xetex_show_hyphens_temp_box=\box42
\l__xetex_show_hyphens_final_box=\box43
\g__xetex_show_hyphens_word_box=\box44
)
(/usr/share/texmf/tex/latex/AMC/automultiplechoice.sty
Package: automultiplechoice 

(/usr/share/texlive/texmf-dist/tex/latex/xcolor/xcolor.sty
Package: xcolor 2007/01/21 v2.11 LaTeX color extensions (UK)

(/usr/share/texlive/texmf-dist/tex/latex/latexconfig/color.cfg
File: color.cfg 2007/01/18 v1.5 color configuration of teTeX/TeXLive
)
Package xcolor Info: Driver file: xetex.def on input line 225.
Package xcolor Info: Model `cmy' substituted by `cmy0' on input line 1337.
Package xcolor Info: Model `RGB' extended on input line 1353.
Package xcolor Info: Model `HTML' substituted by `rgb' on input line 1355.
Package xcolor Info: Model `Hsb' substituted by `hsb' on input line 1356.
Package xcolor Info: Model `tHsb' substituted by `hsb' on input line 1357.
Package xcolor Info: Model `HSB' substituted by `hsb' on input line 1358.
Package xcolor Info: Model `Gray' substituted by `gray' on input line 1359.
Package xcolor Info: Model `wave' substituted by `hsb' on input line 1360.
)
(/usr/share/texlive/texmf-dist/tex/latex/fancyhdr/fancyhdr.sty
\fancy@headwidth=\skip49
\f@ncyO@elh=\skip50
\f@ncyO@erh=\skip51
\f@ncyO@olh=\skip52
\f@ncyO@orh=\skip53
\f@ncyO@elf=\skip54
\f@ncyO@erf=\skip55
\f@ncyO@olf=\skip56
\f@ncyO@orf=\skip57
)
(/usr/share/texlive/texmf-dist/tex/latex/bophook/bophook.sty
Package: bophook 2001/03/29 v0.02 beginning-of-page hook, K. Tinnefeld
)
(/usr/share/texlive/texmf-dist/tex/latex/xkeyval/xkeyval.sty
Package: xkeyval 2014/12/03 v2.7a package option processing (HA)

(/usr/share/texlive/texmf-dist/tex/generic/xkeyval/xkeyval.tex
(/usr/share/texlive/texmf-dist/tex/generic/xkeyval/xkvutils.tex
\XKV@toks=\toks19
\XKV@tempa@toks=\toks20
)
\XKV@depth=\count121
File: xkeyval.tex 2014/12/03 v2.7a key=value parser (HA)
))
(/usr/share/texlive/texmf-dist/tex/latex/rotating/rotating.sty
Package: rotating 2009/03/28 v2.16a rotated objects in LaTeX

(/usr/share/texlive/texmf-dist/tex/latex/base/ifthen.sty
Package: ifthen 2014/09/29 v1.1c Standard LaTeX ifthen package (DPC)
)
\c@r@tfl@t=\count122
\rotFPtop=\skip58
\rotFPbot=\skip59
\rot@float@box=\box45
\rot@mess@toks=\toks21
)
(/usr/share/texlive/texmf-dist/tex/latex/fancybox/fancybox.sty
Package: fancybox 2010/05/15 1.4

Style option: `fancybox' v1.4 <2010/05/15> (tvz)
\@fancybox=\box46
\shadowsize=\dimen140
\@Sbox=\box47
\do@VerbBox=\toks22
\the@fancyput=\toks23
\this@fancyput=\toks24
\EndVerbatimTokens=\toks25
\Verbatim@Outfile=\write3
\Verbatim@Infile=\read2
)
\AMC@logfile=\write4
\openout4 = `amc-compiled.amc'.

\AMCload@counter=\count123
\AMCid@quest=\count124
\AMCid@check=\count125
\AMCid@etud=\count126
\AMCid@etudstart=\count127
\AMCid@etudfin=\count128
\AMCnum@copies=\count129
\AMCformVSpace=\dimen141
\AMCformHSpace=\dimen142
\AMCinterIrep=\dimen143
\AMCinterBrep=\dimen144
\AMCinterIquest=\dimen145
\AMCinterBquest=\dimen146
\AMCids@width=\dimen147
\AMCids@height=\dimen148
\AMC@SR=\count130
\AMC@SR@count=\count131
\AMC@SRnum=\count132
\AMC@sti=\count133
\AMC@stil=\count134
\AMCsw@p@=\toks26
\AMC@numerotation=\count135
\AMC@XYspecial=\write5
\AMC@tmpXY=\write6
\c@AMC@ncase=\count136
\AMC@boxedrule=\skip60
\AMC@crossrule=\skip61
\AMC@boxeddown=\skip62
\AMC@boxedwidth=\skip63
\AMC@boxedheight=\skip64
\AMC@oval@radius=\skip65
\AMC@outside@sep=\skip66
\AMC@CBtaille=\skip67
\AMCbin@sequence=\toks27
\AMCbin@number=\count137
\AMCbin@ndigits=\count138
\AMCbin@id=\count139
\AMCbin@digit=\count140
\AMCtok@k=\count141
\AMCtok@max=\count142
\AMCtok@size=\count143
\AMC@imax=\count144
\AMCtok@ik=\count145
\AMCloop@k=\count146
\AMCrep@count=\count147
\reponse@cxcix=\toks28
\reponse@cxcviii=\toks29
\reponse@cxcvii=\toks30
\reponse@cxcvi=\toks31
\reponse@cxcv=\toks32
\reponse@cxciv=\toks33
\reponse@cxciii=\toks34
\reponse@cxcii=\toks35
\reponse@cxci=\toks36
\reponse@cxc=\toks37
\reponse@clxxxix=\toks38
\reponse@clxxxviii=\toks39
\reponse@clxxxvii=\toks40
\reponse@clxxxvi=\toks41
\reponse@clxxxv=\toks42
\reponse@clxxxiv=\toks43
\reponse@clxxxiii=\toks44
\reponse@clxxxii=\toks45
\reponse@clxxxi=\toks46
\reponse@clxxx=\toks47
\reponse@clxxix=\toks48
\reponse@clxxviii=\toks49
\reponse@clxxvii=\toks50
\reponse@clxxvi=\toks51
\reponse@clxxv=\toks52
\reponse@clxxiv=\toks53
\reponse@clxxiii=\toks54
\reponse@clxxii=\toks55
\reponse@clxxi=\toks56
\reponse@clxx=\toks57
\reponse@clxix=\toks58
\reponse@clxviii=\toks59
\reponse@clxvii=\toks60
\reponse@clxvi=\toks61
\reponse@clxv=\toks62
\reponse@clxiv=\toks63
\reponse@clxiii=\toks64
\reponse@clxii=\toks65
\reponse@clxi=\toks66
\reponse@clx=\toks67
\reponse@clix=\toks68
\reponse@clviii=\toks69
\reponse@clvii=\toks70
\reponse@clvi=\toks71
\reponse@clv=\toks72
\reponse@cliv=\toks73
\reponse@cliii=\toks74
\reponse@clii=\toks75
\reponse@cli=\toks76
\reponse@cl=\toks77
\reponse@cxlix=\toks78
\reponse@cxlviii=\toks79
\reponse@cxlvii=\toks80
\reponse@cxlvi=\toks81
\reponse@cxlv=\toks82
\reponse@cxliv=\toks83
\reponse@cxliii=\toks84
\reponse@cxlii=\toks85
\reponse@cxli=\toks86
\reponse@cxl=\toks87
\reponse@cxxxix=\toks88
\reponse@cxxxviii=\toks89
\reponse@cxxxvii=\toks90
\reponse@cxxxvi=\toks91
\reponse@cxxxv=\toks92
\reponse@cxxxiv=\toks93
\reponse@cxxxiii=\toks94
\reponse@cxxxii=\toks95
\reponse@cxxxi=\toks96
\reponse@cxxx=\toks97
\reponse@cxxix=\toks98
\reponse@cxxviii=\toks99
\reponse@cxxvii=\toks100
\reponse@cxxvi=\toks101
\reponse@cxxv=\toks102
\reponse@cxxiv=\toks103
\reponse@cxxiii=\toks104
\reponse@cxxii=\toks105
\reponse@cxxi=\toks106
\reponse@cxx=\toks107
\reponse@cxix=\toks108
\reponse@cxviii=\toks109
\reponse@cxvii=\toks110
\reponse@cxvi=\toks111
\reponse@cxv=\toks112
\reponse@cxiv=\toks113
\reponse@cxiii=\toks114
\reponse@cxii=\toks115
\reponse@cxi=\toks116
\reponse@cx=\toks117
\reponse@cix=\toks118
\reponse@cviii=\toks119
\reponse@cvii=\toks120
\reponse@cvi=\toks121
\reponse@cv=\toks122
\reponse@civ=\toks123
\reponse@ciii=\toks124
\reponse@cii=\toks125
\reponse@ci=\toks126
\reponse@c=\toks127
\reponse@xcix=\toks128
\reponse@xcviii=\toks129
\reponse@xcvii=\toks130
\reponse@xcvi=\toks131
\reponse@xcv=\toks132
\reponse@xciv=\toks133
\reponse@xciii=\toks134
\reponse@xcii=\toks135
\reponse@xci=\toks136
\reponse@xc=\toks137
\reponse@lxxxix=\toks138
\reponse@lxxxviii=\toks139
\reponse@lxxxvii=\toks140
\reponse@lxxxvi=\toks141
\reponse@lxxxv=\toks142
\reponse@lxxxiv=\toks143
\reponse@lxxxiii=\toks144
\reponse@lxxxii=\toks145
\reponse@lxxxi=\toks146
\reponse@lxxx=\toks147
\reponse@lxxix=\toks148
\reponse@lxxviii=\toks149
\reponse@lxxvii=\toks150
\reponse@lxxvi=\toks151
\reponse@lxxv=\toks152
\reponse@lxxiv=\toks153
\reponse@lxxiii=\toks154
\reponse@lxxii=\toks155
\reponse@lxxi=\toks156
\reponse@lxx=\toks157
\reponse@lxix=\toks158
\reponse@lxviii=\toks159
\reponse@lxvii=\toks160
\reponse@lxvi=\toks161
\reponse@lxv=\toks162
\reponse@lxiv=\toks163
\reponse@lxiii=\toks164
\reponse@lxii=\toks165
\reponse@lxi=\toks166
\reponse@lx=\toks167
\reponse@lix=\toks168
\reponse@lviii=\toks169
\reponse@lvii=\toks170
\reponse@lvi=\toks171
\reponse@lv=\toks172
\reponse@liv=\toks173
\reponse@liii=\toks174
\reponse@lii=\toks175
\reponse@li=\toks176
\reponse@l=\toks177
\reponse@xlix=\toks178
\reponse@xlviii=\toks179
\reponse@xlvii=\toks180
\reponse@xlvi=\toks181
\reponse@xlv=\toks182
\reponse@xliv=\toks183
\reponse@xliii=\toks184
\reponse@xlii=\toks185
\reponse@xli=\toks186
\reponse@xl=\toks187
\reponse@xxxix=\toks188
\reponse@xxxviii=\toks189
\reponse@xxxvii=\toks190
\reponse@xxxvi=\toks191
\reponse@xxxv=\toks192
\reponse@xxxiv=\toks193
\reponse@xxxiii=\toks194
\reponse@xxxii=\toks195
\reponse@xxxi=\toks196
\reponse@xxx=\toks197
\reponse@xxix=\toks198
\reponse@xxviii=\toks199
\reponse@xxvii=\toks200
\reponse@xxvi=\toks201
\reponse@xxv=\toks202
\reponse@xxiv=\toks203
\reponse@xxiii=\toks204
\reponse@xxii=\toks205
\reponse@xxi=\toks206
\reponse@xx=\toks207
\reponse@xix=\toks208
\reponse@xviii=\toks209
\reponse@xvii=\toks210
\reponse@xvi=\toks211
\reponse@xv=\toks212
\reponse@xiv=\toks213
\reponse@xiii=\toks214
\reponse@xii=\toks215
\reponse@xi=\toks216
\reponse@x=\toks217
\reponse@ix=\toks218
\reponse@viii=\toks219
\reponse@vii=\toks220
\reponse@vi=\toks221
\reponse@v=\toks222
\reponse@iv=\toks223
\reponse@iii=\toks224
\reponse@ii=\toks225
\reponse@i=\toks226
\AMCnum@questions=\count148
\AMCrep@@count=\count149
\AMC@mn@test=\skip68
\AMC@mn@sep=\skip69
\AMC@mn@leftmargin=\skip70
\AMC@mn@rightmargin=\skip71
\AMC@sz@width=\skip72
\AMC@sz@height=\skip73
\AMC@sz@depth=\skip74
\AMC@sza@width=\skip75
\AMC@sza@height=\skip76
\AMC@sza@depth=\skip77
\c@AMCquestionaff=\count150
\ouverte@vs=\dimen149
\AMC@chiffres=\count151
\AMCcodeHspace=\dimen150
\AMCcodeVspace=\dimen151
\AMCnumeric@Hspace=\dimen152
\AMCnumeric@Vspace=\dimen153
\AMC@numeric@lastdigit=\count152
\AMC@integer@modulo=\count153
\AMC@numeric@integer=\count154
\AMC@numeric@calcdigit=\count155
\AMC@numeric@digits=\count156
\AMC@numeric@decd=\count157
\AMC@numeric@value=\count158
\AMC@numeric@x=\count159
\AMC@numeric@base=\count160
\AMC@numeric@exact=\count161
\AMC@numeric@approx=\count162
\AMCopen@Hspace=\dimen154
\AMCopen@LineHeight=\dimen155
\AMCopen@Lines=\count163
\AMCopen@boxmargin=\dimen156
\AMCopen@boxframerule=\dimen157
\AMCopen@framerule=\dimen158
 (/usr/share/texlive/texmf-dist/tex/latex/environ/environ.sty
Package: environ 2014/05/04 v0.3 A new way to define environments

(/usr/share/texlive/texmf-dist/tex/latex/trimspaces/trimspaces.sty
Package: trimspaces 2009/09/17 v1.1 Trim spaces around a token list
)
\@envbody=\toks227
)
(/usr/share/texlive/texmf-dist/tex/latex/etex-pkg/etex.sty
Package: etex 2016/01/11 v2.6 eTeX basic definition package (PEB,DPC)
\et@xins=\count164
) ***CORRIGE***
(/usr/share/texlive/texmf-dist/tex/latex/geometry/geometry.sty
Package: geometry 2010/09/12 v5.6 Page Geometry

(/usr/share/texlive/texmf-dist/tex/generic/oberdiek/ifpdf.sty
Package: ifpdf 2011/01/30 v2.3 Provides the ifpdf switch (HO)
Package ifpdf Info: pdfTeX in PDF mode is not detected.
)
(/usr/share/texlive/texmf-dist/tex/generic/oberdiek/ifvtex.sty
Package: ifvtex 2010/03/01 v1.5 Detect VTeX and its facilities (HO)
Package ifvtex Info: VTeX not detected.
)
\Gm@cnth=\count165
\Gm@cntv=\count166
\c@Gm@tempcnt=\count167
\Gm@bindingoffset=\dimen159
\Gm@wd@mp=\dimen160
\Gm@odd@mp=\dimen161
\Gm@even@mp=\dimen162
\Gm@layoutwidth=\dimen163
\Gm@layoutheight=\dimen164
\Gm@layouthoffset=\dimen165
\Gm@layoutvoffset=\dimen166
\Gm@dimlist=\toks228
))
(/usr/share/texlive/texmf-dist/tex/latex/tools/multicol.sty
Package: multicol 2015/08/19 v1.8n multicolumn formatting (FMi)
\c@tracingmulticols=\count168
\mult@box=\box48
\multicol@leftmargin=\dimen167
\c@unbalance=\count169
\c@collectmore=\count170
\doublecol@number=\count171
\multicoltolerance=\count172
\multicolpretolerance=\count173
\full@width=\dimen168
\page@free=\dimen169
\premulticols=\dimen170
\postmulticols=\dimen171
\multicolsep=\skip78
\multicolbaselineskip=\skip79
\partial@page=\box49
\last@line=\box50
\maxbalancingoverflow=\dimen172
\mult@rightbox=\box51
\mult@grightbox=\box52
\mult@gfirstbox=\box53
\mult@firstbox=\box54
\@tempa=\box55
\@tempa=\box56
\@tempa=\box57
\@tempa=\box58
\@tempa=\box59
\@tempa=\box60
\@tempa=\box61
\@tempa=\box62
\@tempa=\box63
\@tempa=\box64
\@tempa=\box65
\@tempa=\box66
\@tempa=\box67
\@tempa=\box68
\@tempa=\box69
\@tempa=\box70
\@tempa=\box71
\c@columnbadness=\count174
\c@finalcolumnbadness=\count175
\last@try=\dimen173
\multicolovershoot=\dimen174
\multicolundershoot=\dimen175
\mult@nat@firstbox=\box72
\colbreak@box=\box73
\mc@col@check@num=\count176
)
\g__fontspec_family_LinuxLibertineO_int=\count177
.................................................
. fontspec info: "defining-font"
. 
. Font family 'LinuxLibertineO(0)' created for font 'Linux Libertine O' with
. options [Ligatures=TeX].
. 
. This font family consists of the following NFSS series/shapes:
. - 'normal' (m/n) with NFSS spec.: <->"Linux Libertine
. O/OT:script=latn;language=DFLT;mapping=tex-text;"
. - 'small caps'  (m/sc) with NFSS spec.: <->"Linux Libertine
. O/OT:script=latn;language=DFLT;mapping=tex-text;+smcp;"- 'bold' (bx/n) with
. NFSS spec.: <->"Linux Libertine
. O/B/OT:script=latn;language=DFLT;mapping=tex-text;"
. - 'bold small caps'  (bx/sc) with NFSS spec.: <->"Linux Libertine
. O/B/OT:script=latn;language=DFLT;mapping=tex-text;+smcp;"- 'italic' (m/it)
. with NFSS spec.: <->"Linux Libertine
. O/I/OT:script=latn;language=DFLT;mapping=tex-text;"
. - 'italic small caps'  (m/itsc) with NFSS spec.: <->"Linux Libertine
. O/I/OT:script=latn;language=DFLT;mapping=tex-text;+smcp;"- 'bold italic'
. (bx/it) with NFSS spec.: <->"Linux Libertine
. O/BI/OT:script=latn;language=DFLT;mapping=tex-text;"
. - 'bold italic small caps'  (bx/itsc) with NFSS spec.: <->"Linux Libertine
. O/BI/OT:script=latn;language=DFLT;mapping=tex-text;+smcp;"
.................................................

(/usr/share/texlive/texmf-dist/tex/latex/amsfonts/amssymb.sty
Package: amssymb 2013/01/14 v3.01 AMS font symbols

(/usr/share/texlive/texmf-dist/tex/latex/amsfonts/amsfonts.sty
Package: amsfonts 2013/01/14 v3.01 Basic AMSFonts support
\@emptytoks=\toks229
\symAMSa=\mathgroup4
\symAMSb=\mathgroup5
LaTeX Font Info:    Overwriting math alphabet `\mathfrak' in version `bold'
(Font)                  U/euf/m/n --> U/euf/b/n on input line 106.
))
(./amc-compiled.aux)
\openout1 = `amc-compiled.aux'.

LaTeX Font Info:    Checking defaults for OML/cmm/m/it on input line 7.
LaTeX Font Info:    ... okay on input line 7.
LaTeX Font Info:    Checking defaults for T1/cmr/m/n on input line 7.
LaTeX Font Info:    ... okay on input line 7.
LaTeX Font Info:    Checking defaults for OT1/cmr/m/n on input line 7.
LaTeX Font Info:    ... okay on input line 7.
LaTeX Font Info:    Checking defaults for OMS/cmsy/m/n on input line 7.
LaTeX Font Info:    ... okay on input line 7.
LaTeX Font Info:    Checking defaults for OMX/cmex/m/n on input line 7.
LaTeX Font Info:    ... okay on input line 7.
LaTeX Font Info:    Checking defaults for U/cmr/m/n on input line 7.
LaTeX Font Info:    ... okay on input line 7.
LaTeX Font Info:    Checking defaults for EU1/lmr/m/n on input line 7.
LaTeX Font Info:    ... okay on input line 7.
LaTeX Font Info:    Checking defaults for T3/cmr/m/n on input line 7.
LaTeX Font Info:    Try loading font information for T3+cmr on input line 7.
 (/usr/share/texmf/tex/latex/tipa/t3cmr.fd
File: t3cmr.fd 2001/12/31 TIPA font definitions
)
LaTeX Font Info:    ... okay on input line 7.
.................................................
. fontspec info: "setup-math"
. 
. Adjusting the maths setup (use [no-math] to avoid this).
.................................................
\symlegacymaths=\mathgroup6
LaTeX Font Info:    Overwriting symbol font `legacymaths' in version `bold'
(Font)                  OT1/cmr/m/n --> OT1/cmr/bx/n on input line 7.
LaTeX Font Info:    Redeclaring math accent \acute on input line 7.
LaTeX Font Info:    Redeclaring math accent \grave on input line 7.
LaTeX Font Info:    Redeclaring math accent \ddot on input line 7.
LaTeX Font Info:    Redeclaring math accent \tilde on input line 7.
LaTeX Font Info:    Redeclaring math accent \bar on input line 7.
LaTeX Font Info:    Redeclaring math accent \breve on input line 7.
LaTeX Font Info:    Redeclaring math accent \check on input line 7.
LaTeX Font Info:    Redeclaring math accent \hat on input line 7.
LaTeX Font Info:    Redeclaring math accent \dot on input line 7.
LaTeX Font Info:    Redeclaring math accent \mathring on input line 7.
LaTeX Font Info:    Redeclaring math symbol \colon on input line 7.
LaTeX Font Info:    Redeclaring math symbol \Gamma on input line 7.
LaTeX Font Info:    Redeclaring math symbol \Delta on input line 7.
LaTeX Font Info:    Redeclaring math symbol \Theta on input line 7.
LaTeX Font Info:    Redeclaring math symbol \Lambda on input line 7.
LaTeX Font Info:    Redeclaring math symbol \Xi on input line 7.
LaTeX Font Info:    Redeclaring math symbol \Pi on input line 7.
LaTeX Font Info:    Redeclaring math symbol \Sigma on input line 7.
LaTeX Font Info:    Redeclaring math symbol \Upsilon on input line 7.
LaTeX Font Info:    Redeclaring math symbol \Phi on input line 7.
LaTeX Font Info:    Redeclaring math symbol \Psi on input line 7.
LaTeX Font Info:    Redeclaring math symbol \Omega on input line 7.
LaTeX Font Info:    Redeclaring math symbol \mathdollar on input line 7.
LaTeX Font Info:    Redeclaring symbol font `operators' on input line 7.
LaTeX Font Info:    Encoding `OT1' has changed to `EU1' for symbol font
(Font)              `operators' in the math version `normal' on input line 7.
LaTeX Font Info:    Overwriting symbol font `operators' in version `normal'
(Font)                  OT1/cmr/m/n --> EU1/LinuxLibertineO(0)/m/n on input lin
e 7.
LaTeX Font Info:    Encoding `OT1' has changed to `EU1' for symbol font
(Font)              `operators' in the math version `bold' on input line 7.
LaTeX Font Info:    Overwriting symbol font `operators' in version `bold'
(Font)                  OT1/cmr/bx/n --> EU1/LinuxLibertineO(0)/m/n on input li
ne 7.
LaTeX Font Info:    Overwriting symbol font `operators' in version `normal'
(Font)                  EU1/LinuxLibertineO(0)/m/n --> EU1/LinuxLibertineO(0)/m
/n on input line 7.
LaTeX Font Info:    Overwriting math alphabet `\mathit' in version `normal'
(Font)                  OT1/cmr/m/it --> EU1/LinuxLibertineO(0)/m/it on input l
ine 7.
LaTeX Font Info:    Overwriting math alphabet `\mathbf' in version `normal'
(Font)                  OT1/cmr/bx/n --> EU1/LinuxLibertineO(0)/bx/n on input l
ine 7.
LaTeX Font Info:    Overwriting math alphabet `\mathsf' in version `normal'
(Font)                  OT1/cmss/m/n --> EU1/lmss/m/n on input line 7.
LaTeX Font Info:    Overwriting math alphabet `\mathtt' in version `normal'
(Font)                  OT1/cmtt/m/n --> EU1/lmtt/m/n on input line 7.
LaTeX Font Info:    Overwriting symbol font `operators' in version `bold'
(Font)                  EU1/LinuxLibertineO(0)/m/n --> EU1/LinuxLibertineO(0)/b
x/n on input line 7.
LaTeX Font Info:    Overwriting math alphabet `\mathit' in version `bold'
(Font)                  OT1/cmr/bx/it --> EU1/LinuxLibertineO(0)/bx/it on input
 line 7.
LaTeX Font Info:    Overwriting math alphabet `\mathsf' in version `bold'
(Font)                  OT1/cmss/bx/n --> EU1/lmss/bx/n on input line 7.
LaTeX Font Info:    Overwriting math alphabet `\mathtt' in version `bold'
(Font)                  OT1/cmtt/m/n --> EU1/lmtt/bx/n on input line 7.
\AMC@ovalbox@R=\box74
\AMC@ovalbox@RF=\box75
\AMC@ovalbox@=\box76
\AMC@ovalbox@F=\box77

*geometry* driver: auto-detecting
*geometry* detected driver: xetex
*geometry* verbose mode - [ preamble ] result:
* driver: xetex
* paper: a4paper
* layout: <same size as paper>
* layoutoffset:(h,v)=(0.0pt,0.0pt)
* modes: 
* h-part:(L,W,R)=(85.35826pt, 426.79135pt, 85.35826pt)
* v-part:(T,H,B)=(99.58464pt, 674.33032pt, 71.13188pt)
* \paperwidth=597.50787pt
* \paperheight=845.04684pt
* \textwidth=426.79135pt
* \textheight=674.33032pt
* \oddsidemargin=13.08827pt
* \evensidemargin=13.08827pt
* \topmargin=-38.12675pt
* \headheight=56.9055pt
* \headsep=8.5359pt
* \topskip=10.0pt
* \footskip=28.45274pt
* \marginparwidth=65.0pt
* \marginparsep=11.0pt
* \columnsep=10.0pt
* \skip\footins=9.0pt plus 4.0pt minus 2.0pt
* \hoffset=0.0pt
* \voffset=0.0pt
* \mag=1000
* \@twocolumnfalse
* \@twosidefalse
* \@mparswitchfalse
* \@reversemarginfalse
* (1in=72.27pt=25.4mm, 1cm=28.453pt)

\grE@k=\count178
\AMCgrE@j=\count179
\grE@i=\toks230
\grE@ii=\toks231
\grE@iii=\toks232
\grE@iv=\toks233
\unnamedA@k=\count180
\AMCunnamedA@j=\count181
\unnamedA@i=\toks234
\unnamedA@ii=\toks235
\unnamedA@iii=\toks236
\unnamedA@iv=\toks237
\unnamedA@v=\toks238
\unnamedA@vi=\toks239
\unnamedA@vii=\toks240
\unnamedA@viii=\toks241
\unnamedA@ix=\toks242
\unnamedA@x=\toks243
\unnamedA@xi=\toks244
\unnamedA@xii=\toks245
\unnamedA@xiii=\toks246
\unnamedA@xiv=\toks247
\unnamedB@k=\count182
\AMCunnamedB@j=\count183
\unnamedB@i=\toks248
\unnamedB@ii=\toks249
\unnamedB@iii=\toks250
\unnamedB@iv=\toks251
\unnamedB@v=\toks252
\unnamedB@vi=\toks253
\unnamedB@vii=\toks254
\unnamedC@k=\count184
\AMCunnamedC@j=\count185
\unnamedC@i=\toks255
Normal \toks register pool exhausted, switching to extended pool.
\unnamedC@ii=\toks256
\unnamedC@iii=\toks257
\unnamedC@iv=\toks258
\unnamedC@v=\toks259
\unnamedC@vi=\toks260
\unnamedC@vii=\toks261
\unnamedC@viii=\toks262
\unnamedC@ix=\toks263
\unnamedC@x=\toks264
\unnamedC@xi=\toks265
\unnamedC@xii=\toks266
\unnamedC@xiii=\toks267
\unnamedC@xiv=\toks268
\unnamedD@k=\count186
\AMCunnamedD@j=\count187
\unnamedD@i=\toks269
\unnamedD@ii=\toks270
\unnamedD@iii=\toks271
\unnamedD@iv=\toks272
\unnamedD@v=\toks273
\unnamedD@vi=\toks274
\unnamedD@vii=\toks275
LaTeX Font Info:    Try loading font information for U+msa on input line 562.
(/usr/share/texlive/texmf-dist/tex/latex/amsfonts/umsa.fd
File: umsa.fd 2013/01/14 v3.01 AMS symbols A
)
LaTeX Font Info:    Try loading font information for U+msb on input line 562.

(/usr/share/texlive/texmf-dist/tex/latex/amsfonts/umsb.fd
File: umsb.fd 2013/01/14 v3.01 AMS symbols B
)

LaTeX Warning: Command \textbullet invalid in math mode on input line 562.


LaTeX Warning: Command \textbullet invalid in math mode on input line 562.


LaTeX Warning: Command \textbullet invalid in math mode on input line 562.


LaTeX Warning: Command \textbullet invalid in math mode on input line 562.


Underfull \hbox (badness 10000) in paragraph at lines 562--562

 []

LaTeX Font Info:    Try loading font information for EU1+lmtt on input line 562
.
(/usr/share/texlive/texmf-dist/tex/latex/euenc/eu1lmtt.fd
File: eu1lmtt.fd 2009/10/30 v1.6 Font defs for Latin Modern
) [1

] [2] [3] [4]
[5] [6] [7

] [8

]

LaTeX Warning: Command \textbullet invalid in math mode on input line 562.


LaTeX Warning: Command \textbullet invalid in math mode on input line 562.


LaTeX Warning: Command \textbullet invalid in math mode on input line 562.


LaTeX Warning: Command \textbullet invalid in math mode on input line 562.

[1


] [2] [3] [4] [5] [6] [7

] [8

] (./amc-compiled.aux) ) 
Here is how much of TeX's memory you used:
 16764 strings out of 495552
 317391 string characters out of 6186200
 521108 words of memory out of 5000000
 19909 multiletter control sequences out of 15000+600000
 5825 words of font info for 40 fonts, out of 8000000 for 9000
 14 hyphenation exceptions out of 8191
 56i,22n,66p,10563b,566s stack positions out of 5000i,500n,10000p,200000b,80000s

Output written on amc-compiled.pdf (16 pages).
